Vivado Simulator v2022.2
Copyright 1986-1999, 2001-2022 Xilinx, Inc. All Rights Reserved.
Running: C:/Xilinx/Vivado/2022.2/bin/unwrapped/win64.o/xelab.exe --incr --debug typical --relax --mt 2 -L xil_defaultlib -L uvm -L unisims_ver -L unimacro_ver -L secureip -L xpm --snapshot slc3_tb_simple_behav xil_defaultlib.slc3_tb_simple xil_defaultlib.glbl -log elaborate.log 
Using 2 slave threads.
Starting static elaboration
Pass Through NonSizing Optimizer
Completed static elaboration
Starting simulation data flow analysis
WARNING: [XSIM 43-4099] "C:/Users/svs9/Downloads/lab5_provided_fa24/srcs/types.sv" Line 39. Module SLC3_TYPES doesn't have a timescale but at least one module in design has a timescale.
WARNING: [XSIM 43-4099] "C:/Users/svs9/Downloads/lab5_provided_fa24/srcs/types.sv" Line 39. Module SLC3_TYPES doesn't have a timescale but at least one module in design has a timescale.
WARNING: [XSIM 43-4099] "C:/Users/svs9/Downloads/lab5_provided_fa24/srcs/processor_top.sv" Line 3. Module processor_top_default doesn't have a timescale but at least one module in design has a timescale.
WARNING: [XSIM 43-4099] "C:/Users/svs9/Downloads/lab5_provided_fa24/srcs/sync.sv" Line 9. Module sync_debounce doesn't have a timescale but at least one module in design has a timescale.
WARNING: [XSIM 43-4099] "C:/Users/svs9/Downloads/lab5_provided_fa24/srcs/sync.sv" Line 9. Module sync_debounce doesn't have a timescale but at least one module in design has a timescale.
WARNING: [XSIM 43-4099] "C:/Users/svs9/Downloads/lab5_provided_fa24/srcs/sync.sv" Line 9. Module sync_debounce doesn't have a timescale but at least one module in design has a timescale.
WARNING: [XSIM 43-4099] "C:/Users/svs9/Downloads/lab5_provided_fa24/srcs/sync.sv" Line 39. Module sync_flop doesn't have a timescale but at least one module in design has a timescale.
WARNING: [XSIM 43-4099] "C:/Users/svs9/Downloads/lab5_provided_fa24/srcs/sync.sv" Line 39. Module sync_flop doesn't have a timescale but at least one module in design has a timescale.
WARNING: [XSIM 43-4099] "C:/Users/svs9/Downloads/lab5_provided_fa24/srcs/sync.sv" Line 39. Module sync_flop doesn't have a timescale but at least one module in design has a timescale.
WARNING: [XSIM 43-4099] "C:/Users/svs9/Downloads/lab5_provided_fa24/srcs/sync.sv" Line 39. Module sync_flop doesn't have a timescale but at least one module in design has a timescale.
WARNING: [XSIM 43-4099] "C:/Users/svs9/Downloads/lab5_provided_fa24/srcs/sync.sv" Line 39. Module sync_flop doesn't have a timescale but at least one module in design has a timescale.
WARNING: [XSIM 43-4099] "C:/Users/svs9/Downloads/lab5_provided_fa24/srcs/sync.sv" Line 39. Module sync_flop doesn't have a timescale but at least one module in design has a timescale.
WARNING: [XSIM 43-4099] "C:/Users/svs9/Downloads/lab5_provided_fa24/srcs/sync.sv" Line 39. Module sync_flop doesn't have a timescale but at least one module in design has a timescale.
WARNING: [XSIM 43-4099] "C:/Users/svs9/Downloads/lab5_provided_fa24/srcs/sync.sv" Line 39. Module sync_flop doesn't have a timescale but at least one module in design has a timescale.
WARNING: [XSIM 43-4099] "C:/Users/svs9/Downloads/lab5_provided_fa24/srcs/sync.sv" Line 39. Module sync_flop doesn't have a timescale but at least one module in design has a timescale.
WARNING: [XSIM 43-4099] "C:/Users/svs9/Downloads/lab5_provided_fa24/srcs/sync.sv" Line 39. Module sync_flop doesn't have a timescale but at least one module in design has a timescale.
WARNING: [XSIM 43-4099] "C:/Users/svs9/Downloads/lab5_provided_fa24/srcs/sync.sv" Line 39. Module sync_flop doesn't have a timescale but at least one module in design has a timescale.
WARNING: [XSIM 43-4099] "C:/Users/svs9/Downloads/lab5_provided_fa24/srcs/sync.sv" Line 39. Module sync_flop doesn't have a timescale but at least one module in design has a timescale.
WARNING: [XSIM 43-4099] "C:/Users/svs9/Downloads/lab5_provided_fa24/srcs/sync.sv" Line 39. Module sync_flop doesn't have a timescale but at least one module in design has a timescale.
WARNING: [XSIM 43-4099] "C:/Users/svs9/Downloads/lab5_provided_fa24/srcs/sync.sv" Line 39. Module sync_flop doesn't have a timescale but at least one module in design has a timescale.
WARNING: [XSIM 43-4099] "C:/Users/svs9/Downloads/lab5_provided_fa24/srcs/sync.sv" Line 39. Module sync_flop doesn't have a timescale but at least one module in design has a timescale.
WARNING: [XSIM 43-4099] "C:/Users/svs9/Downloads/lab5_provided_fa24/srcs/sync.sv" Line 39. Module sync_flop doesn't have a timescale but at least one module in design has a timescale.
WARNING: [XSIM 43-4099] "C:/Users/svs9/Downloads/lab5_provided_fa24/srcs/slc3.sv" Line 23. Module slc3 doesn't have a timescale but at least one module in design has a timescale.
WARNING: [XSIM 43-4099] "C:/Users/svs9/Downloads/lab5_provided_fa24/srcs/cpu.sv" Line 1. Module cpu doesn't have a timescale but at least one module in design has a timescale.
WARNING: [XSIM 43-4099] "C:/Users/svs9/Downloads/lab5_provided_fa24/srcs/control.sv" Line 1. Module control doesn't have a timescale but at least one module in design has a timescale.
WARNING: [XSIM 43-4099] "C:/Users/svs9/Downloads/lab5_provided_fa24/srcs/load_reg.sv" Line 1. Module load_reg(DATA_WIDTH=16) doesn't have a timescale but at least one module in design has a timescale.
WARNING: [XSIM 43-4099] "C:/Users/svs9/Downloads/lab5_provided_fa24/srcs/load_reg.sv" Line 1. Module load_reg(DATA_WIDTH=16) doesn't have a timescale but at least one module in design has a timescale.
WARNING: [XSIM 43-4099] "C:/Users/svs9/Downloads/lab5_provided_fa24/srcs/load_reg.sv" Line 1. Module load_reg(DATA_WIDTH=16) doesn't have a timescale but at least one module in design has a timescale.
WARNING: [XSIM 43-4099] "C:/Users/svs9/Downloads/lab5_provided_fa24/srcs/load_reg.sv" Line 1. Module load_reg(DATA_WIDTH=16) doesn't have a timescale but at least one module in design has a timescale.
WARNING: [XSIM 43-4099] "C:/Users/svs9/Downloads/lab5_provided_fa24/srcs/cpu_to_io.sv" Line 1. Module cpu_to_io doesn't have a timescale but at least one module in design has a timescale.
WARNING: [XSIM 43-4099] "C:/Users/svs9/Downloads/lab5_provided_fa24/srcs/hex_driver.sv" Line 1. Module hex_driver_default doesn't have a timescale but at least one module in design has a timescale.
WARNING: [XSIM 43-4099] "C:/Users/svs9/Downloads/lab5_provided_fa24/srcs/hex_driver.sv" Line 11. Module nibble_to_hex doesn't have a timescale but at least one module in design has a timescale.
WARNING: [XSIM 43-4099] "C:/Users/svs9/Downloads/lab5_provided_fa24/srcs/hex_driver.sv" Line 11. Module nibble_to_hex doesn't have a timescale but at least one module in design has a timescale.
WARNING: [XSIM 43-4099] "C:/Users/svs9/Downloads/lab5_provided_fa24/srcs/hex_driver.sv" Line 11. Module nibble_to_hex doesn't have a timescale but at least one module in design has a timescale.
WARNING: [XSIM 43-4099] "C:/Users/svs9/Downloads/lab5_provided_fa24/srcs/hex_driver.sv" Line 11. Module nibble_to_hex doesn't have a timescale but at least one module in design has a timescale.
WARNING: [XSIM 43-4099] "C:/Users/svs9/Downloads/lab5_provided_fa24/srcs/hex_driver.sv" Line 1. Module hex_driver_default doesn't have a timescale but at least one module in design has a timescale.
WARNING: [XSIM 43-4099] "C:/Users/svs9/Downloads/lab5_provided_fa24/srcs/hex_driver.sv" Line 11. Module nibble_to_hex doesn't have a timescale but at least one module in design has a timescale.
WARNING: [XSIM 43-4099] "C:/Users/svs9/Downloads/lab5_provided_fa24/srcs/hex_driver.sv" Line 11. Module nibble_to_hex doesn't have a timescale but at least one module in design has a timescale.
WARNING: [XSIM 43-4099] "C:/Users/svs9/Downloads/lab5_provided_fa24/srcs/hex_driver.sv" Line 11. Module nibble_to_hex doesn't have a timescale but at least one module in design has a timescale.
WARNING: [XSIM 43-4099] "C:/Users/svs9/Downloads/lab5_provided_fa24/srcs/hex_driver.sv" Line 11. Module nibble_to_hex doesn't have a timescale but at least one module in design has a timescale.
WARNING: [XSIM 43-4099] "C:/Users/svs9/Downloads/lab5_provided_fa24/srcs/memory.sv" Line 3. Module memory doesn't have a timescale but at least one module in design has a timescale.
WARNING: [XSIM 43-4099] "C:/Users/svs9/Downloads/lab5_provided_fa24/srcs/test_memory.sv" Line 31. Module test_memory doesn't have a timescale but at least one module in design has a timescale.
WARNING: [XSIM 43-4099] "C:/Users/svs9/Downloads/lab5_provided_fa24/srcs/processor_top.sv" Line 3. Module processor_top_default doesn't have a timescale but at least one module in design has a timescale.
WARNING: [XSIM 43-4099] "C:/Users/svs9/Downloads/lab5_provided_fa24/srcs/sync.sv" Line 9. Module sync_debounce doesn't have a timescale but at least one module in design has a timescale.
WARNING: [XSIM 43-4099] "C:/Users/svs9/Downloads/lab5_provided_fa24/srcs/sync.sv" Line 9. Module sync_debounce doesn't have a timescale but at least one module in design has a timescale.
WARNING: [XSIM 43-4099] "C:/Users/svs9/Downloads/lab5_provided_fa24/srcs/sync.sv" Line 9. Module sync_debounce doesn't have a timescale but at least one module in design has a timescale.
WARNING: [XSIM 43-4099] "C:/Users/svs9/Downloads/lab5_provided_fa24/srcs/sync.sv" Line 39. Module sync_flop doesn't have a timescale but at least one module in design has a timescale.
WARNING: [XSIM 43-4099] "C:/Users/svs9/Downloads/lab5_provided_fa24/srcs/sync.sv" Line 39. Module sync_flop doesn't have a timescale but at least one module in design has a timescale.
WARNING: [XSIM 43-4099] "C:/Users/svs9/Downloads/lab5_provided_fa24/srcs/sync.sv" Line 39. Module sync_flop doesn't have a timescale but at least one module in design has a timescale.
WARNING: [XSIM 43-4099] "C:/Users/svs9/Downloads/lab5_provided_fa24/srcs/sync.sv" Line 39. Module sync_flop doesn't have a timescale but at least one module in design has a timescale.
WARNING: [XSIM 43-4099] "C:/Users/svs9/Downloads/lab5_provided_fa24/srcs/sync.sv" Line 39. Module sync_flop doesn't have a timescale but at least one module in design has a timescale.
WARNING: [XSIM 43-4099] "C:/Users/svs9/Downloads/lab5_provided_fa24/srcs/sync.sv" Line 39. Module sync_flop doesn't have a timescale but at least one module in design has a timescale.
WARNING: [XSIM 43-4099] "C:/Users/svs9/Downloads/lab5_provided_fa24/srcs/sync.sv" Line 39. Module sync_flop doesn't have a timescale but at least one module in design has a timescale.
WARNING: [XSIM 43-4099] "C:/Users/svs9/Downloads/lab5_provided_fa24/srcs/sync.sv" Line 39. Module sync_flop doesn't have a timescale but at least one module in design has a timescale.
WARNING: [XSIM 43-4099] "C:/Users/svs9/Downloads/lab5_provided_fa24/srcs/sync.sv" Line 39. Module sync_flop doesn't have a timescale but at least one module in design has a timescale.
WARNING: [XSIM 43-4099] "C:/Users/svs9/Downloads/lab5_provided_fa24/srcs/sync.sv" Line 39. Module sync_flop doesn't have a timescale but at least one module in design has a timescale.
WARNING: [XSIM 43-4099] "C:/Users/svs9/Downloads/lab5_provided_fa24/srcs/sync.sv" Line 39. Module sync_flop doesn't have a timescale but at least one module in design has a timescale.
WARNING: [XSIM 43-4099] "C:/Users/svs9/Downloads/lab5_provided_fa24/srcs/sync.sv" Line 39. Module sync_flop doesn't have a timescale but at least one module in design has a timescale.
WARNING: [XSIM 43-4099] "C:/Users/svs9/Downloads/lab5_provided_fa24/srcs/sync.sv" Line 39. Module sync_flop doesn't have a timescale but at least one module in design has a timescale.
WARNING: [XSIM 43-4099] "C:/Users/svs9/Downloads/lab5_provided_fa24/srcs/sync.sv" Line 39. Module sync_flop doesn't have a timescale but at least one module in design has a timescale.
WARNING: [XSIM 43-4099] "C:/Users/svs9/Downloads/lab5_provided_fa24/srcs/sync.sv" Line 39. Module sync_flop doesn't have a timescale but at least one module in design has a timescale.
WARNING: [XSIM 43-4099] "C:/Users/svs9/Downloads/lab5_provided_fa24/srcs/sync.sv" Line 39. Module sync_flop doesn't have a timescale but at least one module in design has a timescale.
WARNING: [XSIM 43-4099] "C:/Users/svs9/Downloads/lab5_provided_fa24/srcs/slc3.sv" Line 23. Module slc3 doesn't have a timescale but at least one module in design has a timescale.
WARNING: [XSIM 43-4099] "C:/Users/svs9/Downloads/lab5_provided_fa24/srcs/cpu.sv" Line 1. Module cpu doesn't have a timescale but at least one module in design has a timescale.
WARNING: [XSIM 43-4099] "C:/Users/svs9/Downloads/lab5_provided_fa24/srcs/control.sv" Line 1. Module control doesn't have a timescale but at least one module in design has a timescale.
WARNING: [XSIM 43-4099] "C:/Users/svs9/Downloads/lab5_provided_fa24/srcs/load_reg.sv" Line 1. Module load_reg(DATA_WIDTH=16) doesn't have a timescale but at least one module in design has a timescale.
WARNING: [XSIM 43-4099] "C:/Users/svs9/Downloads/lab5_provided_fa24/srcs/load_reg.sv" Line 1. Module load_reg(DATA_WIDTH=16) doesn't have a timescale but at least one module in design has a timescale.
WARNING: [XSIM 43-4099] "C:/Users/svs9/Downloads/lab5_provided_fa24/srcs/load_reg.sv" Line 1. Module load_reg(DATA_WIDTH=16) doesn't have a timescale but at least one module in design has a timescale.
WARNING: [XSIM 43-4099] "C:/Users/svs9/Downloads/lab5_provided_fa24/srcs/load_reg.sv" Line 1. Module load_reg(DATA_WIDTH=16) doesn't have a timescale but at least one module in design has a timescale.
WARNING: [XSIM 43-4099] "C:/Users/svs9/Downloads/lab5_provided_fa24/srcs/cpu_to_io.sv" Line 1. Module cpu_to_io doesn't have a timescale but at least one module in design has a timescale.
WARNING: [XSIM 43-4099] "C:/Users/svs9/Downloads/lab5_provided_fa24/srcs/hex_driver.sv" Line 1. Module hex_driver_default doesn't have a timescale but at least one module in design has a timescale.
WARNING: [XSIM 43-4099] "C:/Users/svs9/Downloads/lab5_provided_fa24/srcs/hex_driver.sv" Line 11. Module nibble_to_hex doesn't have a timescale but at least one module in design has a timescale.
WARNING: [XSIM 43-4099] "C:/Users/svs9/Downloads/lab5_provided_fa24/srcs/hex_driver.sv" Line 11. Module nibble_to_hex doesn't have a timescale but at least one module in design has a timescale.
WARNING: [XSIM 43-4099] "C:/Users/svs9/Downloads/lab5_provided_fa24/srcs/hex_driver.sv" Line 11. Module nibble_to_hex doesn't have a timescale but at least one module in design has a timescale.
WARNING: [XSIM 43-4099] "C:/Users/svs9/Downloads/lab5_provided_fa24/srcs/hex_driver.sv" Line 11. Module nibble_to_hex doesn't have a timescale but at least one module in design has a timescale.
WARNING: [XSIM 43-4099] "C:/Users/svs9/Downloads/lab5_provided_fa24/srcs/hex_driver.sv" Line 11. Module nibble_to_hex doesn't have a timescale but at least one module in design has a timescale.
WARNING: [XSIM 43-4099] "C:/Users/svs9/Downloads/lab5_provided_fa24/srcs/hex_driver.sv" Line 1. Module hex_driver_default doesn't have a timescale but at least one module in design has a timescale.
WARNING: [XSIM 43-4099] "C:/Users/svs9/Downloads/lab5_provided_fa24/srcs/hex_driver.sv" Line 11. Module nibble_to_hex doesn't have a timescale but at least one module in design has a timescale.
WARNING: [XSIM 43-4099] "C:/Users/svs9/Downloads/lab5_provided_fa24/srcs/hex_driver.sv" Line 11. Module nibble_to_hex doesn't have a timescale but at least one module in design has a timescale.
WARNING: [XSIM 43-4099] "C:/Users/svs9/Downloads/lab5_provided_fa24/srcs/hex_driver.sv" Line 11. Module nibble_to_hex doesn't have a timescale but at least one module in design has a timescale.
WARNING: [XSIM 43-4099] "C:/Users/svs9/Downloads/lab5_provided_fa24/srcs/hex_driver.sv" Line 11. Module nibble_to_hex doesn't have a timescale but at least one module in design has a timescale.
WARNING: [XSIM 43-4099] "C:/Users/svs9/Downloads/lab5_provided_fa24/srcs/hex_driver.sv" Line 11. Module nibble_to_hex doesn't have a timescale but at least one module in design has a timescale.
WARNING: [XSIM 43-4099] "C:/Users/svs9/Downloads/lab5_provided_fa24/srcs/memory.sv" Line 3. Module memory doesn't have a timescale but at least one module in design has a timescale.
WARNING: [XSIM 43-4099] "C:/Users/svs9/Downloads/lab5_provided_fa24/srcs/test_memory.sv" Line 31. Module test_memory doesn't have a timescale but at least one module in design has a timescale.
Completed simulation data flow analysis
Time Resolution for simulation is 1ps
Compiling package xil_defaultlib.$unit_control_sv_2165796430
Compiling package xil_defaultlib.SLC3_TYPES
Compiling module xil_defaultlib.sync_debounce
Compiling module xil_defaultlib.sync_flop
Compiling module xil_defaultlib.control
Compiling module xil_defaultlib.load_reg(DATA_WIDTH=16)
Compiling module xil_defaultlib.cpu
Compiling module xil_defaultlib.nibble_to_hex
Compiling module xil_defaultlib.hex_driver_default
Compiling module xil_defaultlib.cpu_to_io
Compiling module xil_defaultlib.slc3
Compiling module xil_defaultlib.test_memory
Compiling module xil_defaultlib.memory
Compiling module xil_defaultlib.processor_top_default
Compiling module xil_defaultlib.slc3_tb_simple
Compiling module xil_defaultlib.glbl
Built simulation snapshot slc3_tb_simple_behav
